[2014-04-02 18:42:14] START
[2014-04-02 18:45:10] EDIT practice1/models/db.py: 12
[2014-04-02 18:45:21] EDIT practice1/models/db.py: 0
[2014-04-02 18:45:28] EDIT practice1/models/db.py: 0
[2014-04-02 18:50:11] EDIT practice1/models/db.py: 2
[2014-04-11 14:22:35] EDIT practice1/models/db.py: -4
[2014-04-11 14:23:21] EDIT practice1/controllers/default.py: 0
[2014-04-16 18:36:09] EDIT practice1/controllers/default.py: -3
[2014-04-16 18:37:12] EDIT practice1/controllers/default.py: 1
[2014-04-25 13:12:47] EDIT project/views/default/quizTopic.html: 2
[2014-04-25 13:14:23] EDIT project/views/default/quizTopic.html: 2
[2014-04-25 13:17:08] EDIT project/views/default/quizTopic.html: 0
[2014-04-25 13:20:26] EDIT project/views/default/index.html: 1
[2014-04-25 13:23:13] EDIT project/models/menu.py: 1
[2014-04-25 13:23:24] EDIT project/models/menu.py: 0
[2014-04-25 13:24:08] EDIT project/models/menu.py: 0
[2014-04-25 13:24:10] EDIT project/models/menu.py: 0
[2014-04-25 13:24:15] EDIT project/models/menu.py: 0
[2014-04-25 13:26:11] EDIT project/controllers/default.py: 0
[2014-04-25 13:27:23] EDIT project/controllers/default.py: 0
