timestamp: 2014-03-22T09:06:21.119619
CREATE TABLE auth_user(
    id INTEGER PRIMARY KEY AUTOINCREMENT,
    first_name CHAR(128),
    last_name CHAR(128),
    email CHAR(512),
    password CHAR(512),
    registration_key CHAR(512),
    reset_password_key CHAR(512),
    registration_id CHAR(512)
);
success!
timestamp: 2014-03-22T09:06:21.237053
CREATE TABLE auth_group(
    id INTEGER PRIMARY KEY AUTOINCREMENT,
    role CHAR(512),
    description TEXT
);
success!
timestamp: 2014-03-22T09:06:21.313169
CREATE TABLE auth_membership(
    id INTEGER PRIMARY KEY AUTOINCREMENT,
    user_id INTEGER REFERENCES auth_user (id) ON DELETE CASCADE,
    group_id INTEGER REFERENCES auth_group (id) ON DELETE CASCADE
);
success!
timestamp: 2014-03-22T09:06:21.404831
CREATE TABLE auth_permission(
    id INTEGER PRIMARY KEY AUTOINCREMENT,
    group_id INTEGER REFERENCES auth_group (id) ON DELETE CASCADE,
    name CHAR(512),
    table_name CHAR(512),
    record_id INTEGER
);
success!
timestamp: 2014-03-22T09:06:21.487541
CREATE TABLE auth_event(
    id INTEGER PRIMARY KEY AUTOINCREMENT,
    time_stamp TIMESTAMP,
    client_ip CHAR(512),
    user_id INTEGER REFERENCES auth_user (id) ON DELETE CASCADE,
    origin CHAR(512),
    description TEXT
);
success!
timestamp: 2014-03-22T09:06:21.671541
CREATE TABLE auth_cas(
    id INTEGER PRIMARY KEY AUTOINCREMENT,
    user_id INTEGER REFERENCES auth_user (id) ON DELETE CASCADE,
    created_on TIMESTAMP,
    service CHAR(512),
    ticket CHAR(512),
    renew CHAR(1)
);
success!
timestamp: 2014-03-22T10:16:22.866046
ALTER TABLE auth_user ADD username CHAR(512);
success!
success!
success!
success!
success!
success!
timestamp: 2014-03-22T10:45:58.430797
CREATE TABLE register(
    id INTEGER PRIMARY KEY AUTOINCREMENT,
    first_name CHAR(512),
    last_name CHAR(512),
    email CHAR(512)
);
success!
timestamp: 2014-03-22T10:56:16.279982
ALTER TABLE register ADD user_name CHAR(512);
success!
timestamp: 2014-03-22T10:59:05.617624
ALTER TABLE register ADD image CHAR(512);
success!
timestamp: 2014-03-22T11:16:59.537420
CREATE TABLE user_table(
    id INTEGER PRIMARY KEY AUTOINCREMENT,
    first_name CHAR(512),
    last_name CHAR(512),
    user_name CHAR(512) UNIQUE,
    email CHAR(512),
    image CHAR(512)
);
success!
timestamp: 2014-03-22T11:23:21.783576
ALTER TABLE user_table ADD date_of_birth DATE;
success!
success!
timestamp: 2014-03-22T11:59:41.663209
ALTER TABLE register ADD date_of_birth CHAR(512);
success!
timestamp: 2014-03-22T12:12:29.356395
ALTER TABLE register ADD password CHAR(512);
success!
timestamp: 2014-03-22T12:14:46.178391
ALTER TABLE register ADD password_validate CHAR(512);
success!
success!
success!
success!
success!
timestamp: 2014-03-22T12:56:34.874761
ALTER TABLE auth_user ADD image CHAR(512);
timestamp: 2014-03-22T12:56:34.942098
ALTER TABLE auth_user ADD date_of_birth DATE;
timestamp: 2014-03-22T12:56:35.000039
ALTER TABLE auth_user ADD password_validate CHAR(512);
timestamp: 2014-03-22T12:56:35.059175
ALTER TABLE auth_user ADD user_name CHAR(512);
success!
success!
success!
success!
success!
success!
success!
success!
success!
success!
success!
success!
success!
success!
success!
success!
success!
success!
success!
success!
success!
success!
success!
success!
success!
success!
success!
success!
success!
success!
success!
success!
success!
success!
success!
success!
success!
success!
success!
success!
success!
success!
success!
success!
success!
success!
success!
success!
success!
success!
success!
success!
success!
success!
success!
success!
success!
success!
success!
success!
success!
success!
success!
success!
success!
timestamp: 2014-04-16T13:43:28.734706
ALTER TABLE auth_user ADD gender CHAR(512);
success!
timestamp: 2014-04-16T13:43:28.875831
CREATE TABLE category(
    id INTEGER PRIMARY KEY AUTOINCREMENT,
    name CHAR(256)
);
success!
timestamp: 2014-04-16T13:43:28.962280
CREATE TABLE subcategory(
    id INTEGER PRIMARY KEY AUTOINCREMENT,
    name CHAR(256),
    category_id CHAR(256),
    Serial INTEGER
);
success!
timestamp: 2014-04-16T13:43:29.028772
CREATE TABLE questions(
    id INTEGER PRIMARY KEY AUTOINCREMENT,
    subcategory CHAR(512),
    RollNo INTEGER,
    question CHAR(512),
    opt1 CHAR(512),
    opt2 CHAR(512),
    opt3 CHAR(512),
    opt4 CHAR(512),
    answer CHAR(512)
);
success!
timestamp: 2014-04-16T13:43:29.128769
CREATE TABLE Computers(
    id INTEGER PRIMARY KEY AUTOINCREMENT,
    Serial INTEGER,
    question CHAR(512),
    opt1 CHAR(512),
    opt2 CHAR(512),
    opt3 CHAR(512),
    opt4 CHAR(512),
    correctAns CHAR(512)
);
success!
timestamp: 2014-04-16T13:43:29.270331
CREATE TABLE History(
    id INTEGER PRIMARY KEY AUTOINCREMENT,
    Serial INTEGER,
    question CHAR(512),
    opt1 CHAR(512),
    opt2 CHAR(512),
    opt3 CHAR(512),
    opt4 CHAR(512),
    correctAns CHAR(512)
);
success!
timestamp: 2014-04-16T13:43:29.353700
CREATE TABLE Geography(
    id INTEGER PRIMARY KEY AUTOINCREMENT,
    Serial INTEGER,
    question CHAR(512),
    opt1 CHAR(512),
    opt2 CHAR(512),
    opt3 CHAR(512),
    opt4 CHAR(512),
    correctAns CHAR(512)
);
success!
timestamp: 2014-04-16T13:43:29.468307
CREATE TABLE Literature(
    id INTEGER PRIMARY KEY AUTOINCREMENT,
    Serial INTEGER,
    question CHAR(512),
    opt1 CHAR(512),
    opt2 CHAR(512),
    opt3 CHAR(512),
    opt4 CHAR(512),
    correctAns CHAR(512)
);
success!
timestamp: 2014-04-16T13:43:29.545268
CREATE TABLE Sports(
    id INTEGER PRIMARY KEY AUTOINCREMENT,
    Serial INTEGER,
    question CHAR(512),
    opt1 CHAR(512),
    opt2 CHAR(512),
    opt3 CHAR(512),
    opt4 CHAR(512),
    correctAns CHAR(512)
);
success!
timestamp: 2014-04-16T13:43:29.620293
CREATE TABLE Politics(
    id INTEGER PRIMARY KEY AUTOINCREMENT,
    Serial INTEGER,
    question CHAR(512),
    opt1 CHAR(512),
    opt2 CHAR(512),
    opt3 CHAR(512),
    opt4 CHAR(512),
    correctAns CHAR(512)
);
success!
timestamp: 2014-04-16T13:43:29.720945
CREATE TABLE Science(
    id INTEGER PRIMARY KEY AUTOINCREMENT,
    Serial INTEGER,
    question CHAR(512),
    opt1 CHAR(512),
    opt2 CHAR(512),
    opt3 CHAR(512),
    opt4 CHAR(512),
    correctAns CHAR(512)
);
success!
timestamp: 2014-04-16T13:43:29.820426
CREATE TABLE Mathematics(
    id INTEGER PRIMARY KEY AUTOINCREMENT,
    Serial INTEGER,
    question CHAR(512),
    opt1 CHAR(512),
    opt2 CHAR(512),
    opt3 CHAR(512),
    opt4 CHAR(512),
    correctAns CHAR(512)
);
success!
timestamp: 2014-04-16T13:43:29.903601
CREATE TABLE OtherTopics(
    id INTEGER PRIMARY KEY AUTOINCREMENT,
    Serial INTEGER,
    question CHAR(512),
    opt1 CHAR(512),
    opt2 CHAR(512),
    opt3 CHAR(512),
    opt4 CHAR(512),
    correctAns CHAR(512)
);
success!
success!
success!
success!
success!
success!
success!
success!
success!
success!
success!
success!
timestamp: 2014-04-16T13:59:05.633245
ALTER TABLE auth_user ADD dodgeball_high_score CHAR(512);
timestamp: 2014-04-16T13:59:05.711238
ALTER TABLE auth_user ADD memorygame_high_score CHAR(512);
success!
success!
success!
success!
success!
success!
success!
success!
success!
success!
success!
success!
success!
success!
success!
success!
success!
success!
success!
success!
success!
success!
success!
success!
success!
success!
success!
success!
success!
success!
success!
success!
success!
success!
success!
success!
success!
success!
success!
success!
success!
success!
success!
success!
success!
success!
success!
success!
success!
success!
success!
success!
success!
success!
success!
success!
success!
success!
success!
success!
success!
success!
success!
success!
success!
success!
success!
success!
success!
success!
success!
success!
success!
success!
success!
success!
success!
success!
success!
success!
success!
success!
success!
success!
success!
success!
success!
success!
success!
success!
success!
success!
success!
success!
success!
success!
success!
success!
success!
success!
success!
success!
success!
success!
success!
success!
success!
success!
success!
success!
success!
success!
success!
success!
success!
success!
success!
success!
success!
success!
success!
success!
success!
success!
success!
success!
success!
success!
success!
success!
success!
success!
success!
success!
success!
success!
success!
success!
success!
success!
success!
success!
success!
success!
success!
success!
success!
success!
success!
success!
success!
success!
success!
success!
success!
success!
success!
success!
success!
success!
success!
success!
success!
success!
success!
success!
success!
success!
success!
success!
success!
success!
success!
success!
success!
success!
success!
success!
success!
success!
success!
success!
success!
success!
success!
success!
success!
success!
success!
success!
success!
success!
success!
success!
success!
success!
success!
success!
success!
success!
success!
success!
success!
success!
success!
success!
success!
success!
success!
success!
success!
success!
success!
success!
success!
success!
success!
success!
success!
success!
success!
success!
success!
success!
success!
success!
success!
success!
success!
success!
success!
success!
success!
success!
success!
success!
success!
success!
success!
success!
success!
success!
success!
success!
success!
success!
success!
success!
success!
success!
success!
success!
success!
success!
success!
success!
success!
success!
success!
success!
success!
success!
success!
success!
success!
success!
success!
success!
success!
success!
success!
success!
success!
success!
success!
success!
success!
success!
success!
success!
success!
success!
success!
success!
success!
success!
success!
success!
success!
success!
success!
success!
success!
success!
success!
success!
success!
success!
success!
success!
success!
success!
success!
success!
success!
success!
success!
success!
success!
success!
success!
success!
success!
success!
success!
success!
success!
success!
success!
success!
success!
success!
success!
success!
success!
success!
success!
success!
success!
success!
success!
success!
success!
success!
success!
success!
success!
success!
success!
success!
success!
success!
success!
success!
success!
success!
success!
success!
success!
success!
success!
success!
success!
success!
success!
success!
success!
success!
success!
success!
success!
success!
success!
success!
success!
success!
success!
success!
success!
success!
success!
success!
success!
success!
success!
success!
success!
success!
success!
success!
success!
success!
success!
success!
success!
success!
success!
success!
success!
success!
success!
success!
success!
success!
success!
success!
success!
success!
success!
success!
success!
success!
success!
success!
success!
success!
success!
success!
success!
success!
success!
success!
success!
success!
success!
success!
success!
success!
success!
success!
success!
success!
success!
success!
success!
success!
success!
success!
success!
success!
success!
success!
success!
success!
success!
success!
success!
success!
success!
success!
success!
success!
success!
success!
success!
success!
success!
success!
success!
success!
success!
success!
success!
success!
success!
success!
success!
success!
success!
success!
success!
success!
success!
success!
success!
success!
success!
success!
success!
success!
success!
success!
success!
success!
success!
success!
success!
success!
success!
success!
success!
success!
success!
success!
success!
success!
success!
success!
success!
success!
success!
success!
success!
success!
success!
success!
success!
success!
success!
success!
success!
success!
success!
success!
success!
success!
success!
success!
success!
success!
success!
success!
success!
success!
success!
success!
success!
success!
success!
success!
success!
success!
success!
success!
success!
success!
success!
success!
success!
success!
success!
success!
success!
success!
success!
success!
success!
success!
success!
success!
success!
success!
success!
success!
success!
success!
success!
success!
success!
success!
success!
success!
success!
success!
success!
success!
success!
success!
success!
success!
success!
success!
success!
success!
success!
success!
success!
success!
success!
success!
success!
success!
success!
success!
success!
success!
success!
success!
success!
success!
success!
success!
success!
success!
success!
success!
success!
success!
success!
success!
success!
success!
success!
success!
success!
success!
success!
success!
success!
success!
success!
success!
success!
success!
success!
success!
success!
success!
success!
success!
success!
success!
success!
success!
success!
success!
success!
success!
success!
success!
success!
success!
success!
success!
success!
success!
success!
success!
success!
success!
success!
success!
success!
success!
success!
success!
success!
success!
success!
success!
success!
success!
success!
success!
success!
success!
success!
success!
success!
success!
success!
success!
success!
success!
success!
success!
success!
success!
success!
success!
success!
success!
success!
success!
success!
success!
success!
success!
success!
success!
success!
success!
success!
success!
success!
success!
success!
success!
success!
success!
success!
success!
success!
success!
success!
success!
success!
success!
success!
